c:\users\ember\documents\visual studio 2015\projects\aoi\aoi\debug\vc140.pdb
c:\users\ember\documents\visual studio 2015\projects\aoi\aoi\debug\vc140.idb
c:\users\ember\documents\visual studio 2015\projects\aoi\aoi\debug\adlist.obj
c:\users\ember\documents\visual studio 2015\projects\aoi\aoi\debug\main.obj
c:\users\ember\documents\visual studio 2015\projects\aoi\aoi\debug\dict.obj
c:\users\ember\documents\visual studio 2015\projects\aoi\aoi\debug\ngx_queue.obj
c:\users\ember\documents\visual studio 2015\projects\aoi\aoi\debug\ngx_rbtree.obj
c:\users\ember\documents\visual studio 2015\projects\aoi\debug\aoi.ilk
c:\users\ember\documents\visual studio 2015\projects\aoi\debug\aoi.exe
c:\users\ember\documents\visual studio 2015\projects\aoi\debug\aoi.pdb
c:\users\ember\documents\visual studio 2015\projects\aoi\aoi\debug\aoi.tlog\cl.command.1.tlog
c:\users\ember\documents\visual studio 2015\projects\aoi\aoi\debug\aoi.tlog\cl.read.1.tlog
c:\users\ember\documents\visual studio 2015\projects\aoi\aoi\debug\aoi.tlog\cl.write.1.tlog
c:\users\ember\documents\visual studio 2015\projects\aoi\aoi\debug\aoi.tlog\link-cvtres.read.1.tlog
c:\users\ember\documents\visual studio 2015\projects\aoi\aoi\debug\aoi.tlog\link-cvtres.write.1.tlog
c:\users\ember\documents\visual studio 2015\projects\aoi\aoi\debug\aoi.tlog\link-rc.read.1.tlog
c:\users\ember\documents\visual studio 2015\projects\aoi\aoi\debug\aoi.tlog\link-rc.write.1.tlog
c:\users\ember\documents\visual studio 2015\projects\aoi\aoi\debug\aoi.tlog\link.24860-cvtres.read.1.tlog
c:\users\ember\documents\visual studio 2015\projects\aoi\aoi\debug\aoi.tlog\link.24860-cvtres.write.1.tlog
c:\users\ember\documents\visual studio 2015\projects\aoi\aoi\debug\aoi.tlog\link.24860-rc.read.1.tlog
c:\users\ember\documents\visual studio 2015\projects\aoi\aoi\debug\aoi.tlog\link.24860-rc.write.1.tlog
c:\users\ember\documents\visual studio 2015\projects\aoi\aoi\debug\aoi.tlog\link.24860.read.1.tlog
c:\users\ember\documents\visual studio 2015\projects\aoi\aoi\debug\aoi.tlog\link.24860.write.1.tlog
c:\users\ember\documents\visual studio 2015\projects\aoi\aoi\debug\aoi.tlog\link.command.1.tlog
c:\users\ember\documents\visual studio 2015\projects\aoi\aoi\debug\aoi.tlog\link.read.1.tlog
c:\users\ember\documents\visual studio 2015\projects\aoi\aoi\debug\aoi.tlog\link.write.1.tlog
